<?xml version="1.0" encoding="UTF-8"?>
<testsuite xmlns:xsi="http://www.w3.org/2001/XMLSchema-instance" xsi:noNamespaceSchemaLocation="https://maven.apache.org/surefire/maven-failsafe-plugin/xsd/failsafe-test-report.xsd" name="com.cloud.accelerator.test.RunCukuIT" time="0.814" tests="3" errors="3" skipped="0" failures="0">
  <properties>
    <property name="gopherProxySet" value="false"/>
    <property name="awt.toolkit" value="sun.lwawt.macosx.LWCToolkit"/>
    <property name="java.specification.version" value="11"/>
    <property name="sun.cpu.isalist" value=""/>
    <property name="sun.jnu.encoding" value="UTF-8"/>
    <property name="java.class.path" value="/Users/srivutta/Documents/Sapient/Lloyds/PS_InnerSource/cloud-testing-accelerator/target/test-classes:/Users/srivutta/Documents/Sapient/Lloyds/PS_InnerSource/cloud-testing-accelerator/target/gcp-bdd-test-1.0.0.jar:/Users/srivutta/.m2/repository/com/google/cloud/google-cloud-bigquery/1.130.0/google-cloud-bigquery-1.130.0.jar:/Users/srivutta/.m2/repository/com/google/cloud/google-cloud-core/1.94.8/google-cloud-core-1.94.8.jar:/Users/srivutta/.m2/repository/com/google/protobuf/protobuf-java-util/3.17.0/protobuf-java-util-3.17.0.jar:/Users/srivutta/.m2/repository/com/google/api/grpc/proto-google-common-protos/2.3.0/proto-google-common-protos-2.3.0.jar:/Users/srivutta/.m2/repository/com/google/api/grpc/proto-google-iam-v1/1.0.14/proto-google-iam-v1-1.0.14.jar:/Users/srivutta/.m2/repository/com/google/auth/google-auth-library-credentials/0.26.0/google-auth-library-credentials-0.26.0.jar:/Users/srivutta/.m2/repository/com/google/http-client/google-http-client-gson/1.39.2/google-http-client-gson-1.39.2.jar:/Users/srivutta/.m2/repository/com/google/protobuf/protobuf-java/3.17.0/protobuf-java-3.17.0.jar:/Users/srivutta/.m2/repository/com/google/cloud/google-cloud-core-http/1.94.8/google-cloud-core-http-1.94.8.jar:/Users/srivutta/.m2/repository/com/google/api-client/google-api-client/1.31.4/google-api-client-1.31.4.jar:/Users/srivutta/.m2/repository/com/google/oauth-client/google-oauth-client/1.31.5/google-oauth-client-1.31.5.jar:/Users/srivutta/.m2/repository/com/google/http-client/google-http-client-apache-v2/1.39.2/google-http-client-apache-v2-1.39.2.jar:/Users/srivutta/.m2/repository/com/google/http-client/google-http-client-appengine/1.39.2/google-http-client-appengine-1.39.2.jar:/Users/srivutta/.m2/repository/com/google/api/gax-httpjson/0.81.0/gax-httpjson-0.81.0.jar:/Users/srivutta/.m2/repository/io/opencensus/opencensus-api/0.28.0/opencensus-api-0.28.0.jar:/Users/srivutta/.m2/repository/io/grpc/grpc-context/1.38.0/grpc-context-1.38.0.jar:/Users/srivutta/.m2/repository/io/opencensus/opencensus-contrib-http-util/0.28.0/opencensus-contrib-http-util-0.28.0.jar:/Users/srivutta/.m2/repository/com/google/http-client/google-http-client-jackson2/1.39.2/google-http-client-jackson2-1.39.2.jar:/Users/srivutta/.m2/repository/com/fasterxml/jackson/core/jackson-core/2.12.3/jackson-core-2.12.3.jar:/Users/srivutta/.m2/repository/com/google/http-client/google-http-client/1.39.2/google-http-client-1.39.2.jar:/Users/srivutta/.m2/repository/org/apache/httpcomponents/httpclient/4.5.13/httpclient-4.5.13.jar:/Users/srivutta/.m2/repository/commons-logging/commons-logging/1.2/commons-logging-1.2.jar:/Users/srivutta/.m2/repository/commons-codec/commons-codec/1.15/commons-codec-1.15.jar:/Users/srivutta/.m2/repository/org/apache/httpcomponents/httpcore/4.4.14/httpcore-4.4.14.jar:/Users/srivutta/.m2/repository/com/google/j2objc/j2objc-annotations/1.3/j2objc-annotations-1.3.jar:/Users/srivutta/.m2/repository/org/checkerframework/checker-compat-qual/2.5.5/checker-compat-qual-2.5.5.jar:/Users/srivutta/.m2/repository/com/google/auth/google-auth-library-oauth2-http/0.26.0/google-auth-library-oauth2-http-0.26.0.jar:/Users/srivutta/.m2/repository/com/google/code/findbugs/jsr305/3.0.2/jsr305-3.0.2.jar:/Users/srivutta/.m2/repository/com/google/apis/google-api-services-bigquery/v2-rev20210430-1.31.0/google-api-services-bigquery-v2-rev20210430-1.31.0.jar:/Users/srivutta/.m2/repository/com/google/api/api-common/1.10.3/api-common-1.10.3.jar:/Users/srivutta/.m2/repository/javax/annotation/javax.annotation-api/1.3.2/javax.annotation-api-1.3.2.jar:/Users/srivutta/.m2/repository/com/google/guava/guava/30.1.1-android/guava-30.1.1-android.jar:/Users/srivutta/.m2/repository/com/google/guava/failureaccess/1.0.1/failureaccess-1.0.1.jar:/Users/srivutta/.m2/repository/com/google/guava/listenablefuture/9999.0-empty-to-avoid-conflict-with-guava/listenablefuture-9999.0-empty-to-avoid-conflict-with-guava.jar:/Users/srivutta/.m2/repository/com/google/api/gax/1.64.0/gax-1.64.0.jar:/Users/srivutta/.m2/repository/org/threeten/threetenbp/1.5.1/threetenbp-1.5.1.jar:/Users/srivutta/.m2/repository/com/google/errorprone/error_prone_annotations/2.6.0/error_prone_annotations-2.6.0.jar:/Users/srivutta/.m2/repository/com/google/cloud/google-cloud-storage/1.114.0/google-cloud-storage-1.114.0.jar:/Users/srivutta/.m2/repository/com/google/apis/google-api-services-storage/v1-rev20210127-1.31.0/google-api-services-storage-v1-rev20210127-1.31.0.jar:/Users/srivutta/.m2/repository/com/google/auto/value/auto-value-annotations/1.8.1/auto-value-annotations-1.8.1.jar:/Users/srivutta/.m2/repository/com/google/cloud/google-cloud-pubsub/1.112.5/google-cloud-pubsub-1.112.5.jar:/Users/srivutta/.m2/repository/io/grpc/grpc-api/1.38.0/grpc-api-1.38.0.jar:/Users/srivutta/.m2/repository/org/codehaus/mojo/animal-sniffer-annotations/1.20/animal-sniffer-annotations-1.20.jar:/Users/srivutta/.m2/repository/io/grpc/grpc-stub/1.38.0/grpc-stub-1.38.0.jar:/Users/srivutta/.m2/repository/io/grpc/grpc-protobuf/1.38.0/grpc-protobuf-1.38.0.jar:/Users/srivutta/.m2/repository/io/grpc/grpc-protobuf-lite/1.38.0/grpc-protobuf-lite-1.38.0.jar:/Users/srivutta/.m2/repository/com/google/api/grpc/proto-google-cloud-pubsub-v1/1.94.5/proto-google-cloud-pubsub-v1-1.94.5.jar:/Users/srivutta/.m2/repository/com/google/api/gax-grpc/1.64.0/gax-grpc-1.64.0.jar:/Users/srivutta/.m2/repository/io/grpc/grpc-auth/1.38.0/grpc-auth-1.38.0.jar:/Users/srivutta/.m2/repository/io/grpc/grpc-netty-shaded/1.38.0/grpc-netty-shaded-1.38.0.jar:/Users/srivutta/.m2/repository/io/grpc/grpc-alts/1.38.0/grpc-alts-1.38.0.jar:/Users/srivutta/.m2/repository/io/grpc/grpc-grpclb/1.38.0/grpc-grpclb-1.38.0.jar:/Users/srivutta/.m2/repository/org/conscrypt/conscrypt-openjdk-uber/2.5.1/conscrypt-openjdk-uber-2.5.1.jar:/Users/srivutta/.m2/repository/io/grpc/grpc-core/1.38.0/grpc-core-1.38.0.jar:/Users/srivutta/.m2/repository/com/google/android/annotations/4.1.1.4/annotations-4.1.1.4.jar:/Users/srivutta/.m2/repository/io/perfmark/perfmark-api/0.23.0/perfmark-api-0.23.0.jar:/Users/srivutta/.m2/repository/com/google/cloud/google-cloud-dataproc/1.4.3/google-cloud-dataproc-1.4.3.jar:/Users/srivutta/.m2/repository/com/google/api/grpc/proto-google-cloud-dataproc-v1beta2/0.92.3/proto-google-cloud-dataproc-v1beta2-0.92.3.jar:/Users/srivutta/.m2/repository/com/google/api/grpc/proto-google-cloud-dataproc-v1/1.4.3/proto-google-cloud-dataproc-v1-1.4.3.jar:/Users/srivutta/.m2/repository/com/google/cloud/google-cloud-spanner/6.4.4/google-cloud-spanner-6.4.4.jar:/Users/srivutta/.m2/repository/com/google/api/grpc/grpc-google-common-protos/2.3.0/grpc-google-common-protos-2.3.0.jar:/Users/srivutta/.m2/repository/com/google/cloud/google-cloud-core-grpc/1.94.8/google-cloud-core-grpc-1.94.8.jar:/Users/srivutta/.m2/repository/io/opencensus/opencensus-contrib-grpc-util/0.28.0/opencensus-contrib-grpc-util-0.28.0.jar:/Users/srivutta/.m2/repository/com/google/api/grpc/proto-google-cloud-spanner-admin-instance-v1/6.4.4/proto-google-cloud-spanner-admin-instance-v1-6.4.4.jar:/Users/srivutta/.m2/repository/com/google/api/grpc/proto-google-cloud-spanner-v1/6.4.4/proto-google-cloud-spanner-v1-6.4.4.jar:/Users/srivutta/.m2/repository/com/google/api/grpc/proto-google-cloud-spanner-admin-database-v1/6.4.4/proto-google-cloud-spanner-admin-database-v1-6.4.4.jar:/Users/srivutta/.m2/repository/com/google/api/grpc/grpc-google-cloud-spanner-admin-instance-v1/6.4.4/grpc-google-cloud-spanner-admin-instance-v1-6.4.4.jar:/Users/srivutta/.m2/repository/com/google/api/grpc/grpc-google-cloud-spanner-v1/6.4.4/grpc-google-cloud-spanner-v1-6.4.4.jar:/Users/srivutta/.m2/repository/com/google/api/grpc/grpc-google-cloud-spanner-admin-database-v1/6.4.4/grpc-google-cloud-spanner-admin-database-v1-6.4.4.jar:/Users/srivutta/.m2/repository/com/google/cloud/google-cloud-firestore/2.4.0/google-cloud-firestore-2.4.0.jar:/Users/srivutta/.m2/repository/com/google/api/grpc/proto-google-cloud-firestore-v1/2.4.0/proto-google-cloud-firestore-v1-2.4.0.jar:/Users/srivutta/.m2/repository/com/google/cloud/proto-google-cloud-firestore-bundle-v1/2.4.0/proto-google-cloud-firestore-bundle-v1-2.4.0.jar:/Users/srivutta/.m2/repository/com/google/cloud/google-cloud-secretmanager/1.6.3/google-cloud-secretmanager-1.6.3.jar:/Users/srivutta/.m2/repository/com/google/api/grpc/proto-google-cloud-secretmanager-v1/1.5.2/proto-google-cloud-secretmanager-v1-1.5.2.jar:/Users/srivutta/.m2/repository/com/google/api/grpc/proto-google-cloud-secretmanager-v1beta1/1.5.2/proto-google-cloud-secretmanager-v1beta1-1.5.2.jar:/Users/srivutta/.m2/repository/com/google/cloud/google-cloud-monitoring/2.2.3/google-cloud-monitoring-2.2.3.jar:/Users/srivutta/.m2/repository/com/google/api/grpc/proto-google-cloud-monitoring-v3/2.2.3/proto-google-cloud-monitoring-v3-2.2.3.jar:/Users/srivutta/.m2/repository/com/google/cloud/google-cloud-logging/1.53.0/google-cloud-logging-1.53.0.jar:/Users/srivutta/.m2/repository/com/google/api/grpc/proto-google-cloud-logging-v2/0.87.3/proto-google-cloud-logging-v2-0.87.3.jar:/Users/srivutta/.m2/repository/com/google/cloud/google-cloud-bigtable/1.24.1/google-cloud-bigtable-1.24.1.jar:/Users/srivutta/.m2/repository/com/google/api/grpc/grpc-google-cloud-bigtable-v2/1.24.1/grpc-google-cloud-bigtable-v2-1.24.1.jar:/Users/srivutta/.m2/repository/com/google/api/grpc/proto-google-cloud-bigtable-v2/1.24.1/proto-google-cloud-bigtable-v2-1.24.1.jar:/Users/srivutta/.m2/repository/com/google/api/grpc/proto-google-cloud-bigtable-admin-v2/1.24.1/proto-google-cloud-bigtable-admin-v2-1.24.1.jar:/Users/srivutta/.m2/repository/com/google/cloud/google-cloud-functions/1.2.0/google-cloud-functions-1.2.0.jar:/Users/srivutta/.m2/repository/com/google/api/grpc/proto-google-cloud-functions-v1/1.1.3/proto-google-cloud-functions-v1-1.1.3.jar:/Users/srivutta/.m2/repository/com/google/code/gson/gson/2.8.6/gson-2.8.6.jar:/Users/srivutta/.m2/repository/com/opencsv/opencsv/5.2/opencsv-5.2.jar:/Users/srivutta/.m2/repository/org/apache/commons/commons-lang3/3.10/commons-lang3-3.10.jar:/Users/srivutta/.m2/repository/org/apache/commons/commons-text/1.8/commons-text-1.8.jar:/Users/srivutta/.m2/repository/commons-beanutils/commons-beanutils/1.9.4/commons-beanutils-1.9.4.jar:/Users/srivutta/.m2/repository/commons-collections/commons-collections/3.2.2/commons-collections-3.2.2.jar:/Users/srivutta/.m2/repository/org/apache/commons/commons-collections4/4.4/commons-collections4-4.4.jar:/Users/srivutta/.m2/repository/io/cucumber/gherkin/5.1.0/gherkin-5.1.0.jar:/Users/srivutta/.m2/repository/io/cucumber/gherkin-jvm-deps/1.0.4/gherkin-jvm-deps-1.0.4.jar:/Users/srivutta/.m2/repository/io/cucumber/cucumber-core/4.7.2/cucumber-core-4.7.2.jar:/Users/srivutta/.m2/repository/io/cucumber/tag-expressions/1.1.1/tag-expressions-1.1.1.jar:/Users/srivutta/.m2/repository/io/cucumber/cucumber-expressions/7.0.2/cucumber-expressions-7.0.2.jar:/Users/srivutta/.m2/repository/io/cucumber/datatable/1.1.14/datatable-1.1.14.jar:/Users/srivutta/.m2/repository/io/cucumber/datatable-dependencies/1.1.14/datatable-dependencies-1.1.14.jar:/Users/srivutta/.m2/repository/org/apiguardian/apiguardian-api/1.1.0/apiguardian-api-1.1.0.jar:/Users/srivutta/.m2/repository/io/cucumber/cucumber-java/4.7.2/cucumber-java-4.7.2.jar:/Users/srivutta/.m2/repository/io/cucumber/cucumber-junit/4.7.2/cucumber-junit-4.7.2.jar:/Users/srivutta/.m2/repository/io/cucumber/cucumber-picocontainer/4.7.2/cucumber-picocontainer-4.7.2.jar:/Users/srivutta/.m2/repository/org/picocontainer/picocontainer/2.15/picocontainer-2.15.jar:/Users/srivutta/.m2/repository/junit/junit/4.12/junit-4.12.jar:/Users/srivutta/.m2/repository/org/hamcrest/hamcrest-library/1.3/hamcrest-library-1.3.jar:/Users/srivutta/.m2/repository/org/hamcrest/hamcrest-core/1.3/hamcrest-core-1.3.jar:/Users/srivutta/.m2/repository/org/apache/maven/surefire/surefire-junit4/2.22.2/surefire-junit4-2.22.2.jar:/Users/srivutta/.m2/repository/org/apache/maven/surefire/surefire-api/2.22.2/surefire-api-2.22.2.jar:/Users/srivutta/.m2/repository/org/apache/maven/surefire/surefire-logger-api/2.22.2/surefire-logger-api-2.22.2.jar:/Users/srivutta/.m2/repository/org/codehaus/groovy/groovy/2.4.9/groovy-2.4.9.jar:/Users/srivutta/.m2/repository/commons-cli/commons-cli/1.2/commons-cli-1.2.jar:/Users/srivutta/.m2/repository/org/apache/tika/tika-core/1.20/tika-core-1.20.jar:/Users/srivutta/.m2/repository/com/github/javafaker/javafaker/0.15/javafaker-0.15.jar:/Users/srivutta/.m2/repository/org/yaml/snakeyaml/1.20/snakeyaml-1.20-android.jar:/Users/srivutta/.m2/repository/com/github/mifmif/generex/1.0.2/generex-1.0.2.jar:/Users/srivutta/.m2/repository/dk/brics/automaton/automaton/1.11-8/automaton-1.11-8.jar:/Users/srivutta/.m2/repository/com/fasterxml/jackson/core/jackson-databind/2.11.1/jackson-databind-2.11.1.jar:/Users/srivutta/.m2/repository/com/fasterxml/jackson/core/jackson-annotations/2.11.1/jackson-annotations-2.11.1.jar:/Users/srivutta/.m2/repository/com/fasterxml/jackson/dataformat/jackson-dataformat-csv/2.11.1/jackson-dataformat-csv-2.11.1.jar:/Users/srivutta/.m2/repository/org/everit/json/org.everit.json.schema/1.3.0/org.everit.json.schema-1.3.0.jar:/Users/srivutta/.m2/repository/org/json/json/20160212/json-20160212.jar:/Users/srivutta/.m2/repository/commons-validator/commons-validator/1.5.0/commons-validator-1.5.0.jar:/Users/srivutta/.m2/repository/commons-digester/commons-digester/1.8.1/commons-digester-1.8.1.jar:/Users/srivutta/.m2/repository/com/zaxxer/HikariCP/3.2.0/HikariCP-3.2.0.jar:/Users/srivutta/.m2/repository/org/slf4j/slf4j-api/1.7.25/slf4j-api-1.7.25.jar:"/>
    <property name="java.vm.vendor" value="Oracle Corporation"/>
    <property name="sun.arch.data.model" value="64"/>
    <property name="java.vendor.url" value="https://openjdk.java.net/"/>
    <property name="user.timezone" value=""/>
    <property name="java.vm.specification.version" value="11"/>
    <property name="os.name" value="Mac OS X"/>
    <property name="sun.java.launcher" value="SUN_STANDARD"/>
    <property name="user.country" value="GB"/>
    <property name="config.dir" value="src/test/resources"/>
    <property name="sun.boot.library.path" value="/Library/Java/JavaVirtualMachines/jdk-11.0.14.jdk/Contents/Home/lib"/>
    <property name="sun.java.command" value="/Users/srivutta/Documents/Sapient/Lloyds/PS_InnerSource/cloud-testing-accelerator/target/surefire/surefirebooter10111387635579434061.jar /Users/srivutta/Documents/Sapient/Lloyds/PS_InnerSource/cloud-testing-accelerator/target/surefire 2023-08-05T22-08-36_854-jvmRun1 surefire15569712709321847784tmp surefire_04175706820919036679tmp"/>
    <property name="jdk.debug" value="release"/>
    <property name="surefire.test.class.path" value="/Users/srivutta/Documents/Sapient/Lloyds/PS_InnerSource/cloud-testing-accelerator/target/test-classes:/Users/srivutta/Documents/Sapient/Lloyds/PS_InnerSource/cloud-testing-accelerator/target/gcp-bdd-test-1.0.0.jar:/Users/srivutta/.m2/repository/com/google/cloud/google-cloud-bigquery/1.130.0/google-cloud-bigquery-1.130.0.jar:/Users/srivutta/.m2/repository/com/google/cloud/google-cloud-core/1.94.8/google-cloud-core-1.94.8.jar:/Users/srivutta/.m2/repository/com/google/protobuf/protobuf-java-util/3.17.0/protobuf-java-util-3.17.0.jar:/Users/srivutta/.m2/repository/com/google/api/grpc/proto-google-common-protos/2.3.0/proto-google-common-protos-2.3.0.jar:/Users/srivutta/.m2/repository/com/google/api/grpc/proto-google-iam-v1/1.0.14/proto-google-iam-v1-1.0.14.jar:/Users/srivutta/.m2/repository/com/google/auth/google-auth-library-credentials/0.26.0/google-auth-library-credentials-0.26.0.jar:/Users/srivutta/.m2/repository/com/google/http-client/google-http-client-gson/1.39.2/google-http-client-gson-1.39.2.jar:/Users/srivutta/.m2/repository/com/google/protobuf/protobuf-java/3.17.0/protobuf-java-3.17.0.jar:/Users/srivutta/.m2/repository/com/google/cloud/google-cloud-core-http/1.94.8/google-cloud-core-http-1.94.8.jar:/Users/srivutta/.m2/repository/com/google/api-client/google-api-client/1.31.4/google-api-client-1.31.4.jar:/Users/srivutta/.m2/repository/com/google/oauth-client/google-oauth-client/1.31.5/google-oauth-client-1.31.5.jar:/Users/srivutta/.m2/repository/com/google/http-client/google-http-client-apache-v2/1.39.2/google-http-client-apache-v2-1.39.2.jar:/Users/srivutta/.m2/repository/com/google/http-client/google-http-client-appengine/1.39.2/google-http-client-appengine-1.39.2.jar:/Users/srivutta/.m2/repository/com/google/api/gax-httpjson/0.81.0/gax-httpjson-0.81.0.jar:/Users/srivutta/.m2/repository/io/opencensus/opencensus-api/0.28.0/opencensus-api-0.28.0.jar:/Users/srivutta/.m2/repository/io/grpc/grpc-context/1.38.0/grpc-context-1.38.0.jar:/Users/srivutta/.m2/repository/io/opencensus/opencensus-contrib-http-util/0.28.0/opencensus-contrib-http-util-0.28.0.jar:/Users/srivutta/.m2/repository/com/google/http-client/google-http-client-jackson2/1.39.2/google-http-client-jackson2-1.39.2.jar:/Users/srivutta/.m2/repository/com/fasterxml/jackson/core/jackson-core/2.12.3/jackson-core-2.12.3.jar:/Users/srivutta/.m2/repository/com/google/http-client/google-http-client/1.39.2/google-http-client-1.39.2.jar:/Users/srivutta/.m2/repository/org/apache/httpcomponents/httpclient/4.5.13/httpclient-4.5.13.jar:/Users/srivutta/.m2/repository/commons-logging/commons-logging/1.2/commons-logging-1.2.jar:/Users/srivutta/.m2/repository/commons-codec/commons-codec/1.15/commons-codec-1.15.jar:/Users/srivutta/.m2/repository/org/apache/httpcomponents/httpcore/4.4.14/httpcore-4.4.14.jar:/Users/srivutta/.m2/repository/com/google/j2objc/j2objc-annotations/1.3/j2objc-annotations-1.3.jar:/Users/srivutta/.m2/repository/org/checkerframework/checker-compat-qual/2.5.5/checker-compat-qual-2.5.5.jar:/Users/srivutta/.m2/repository/com/google/auth/google-auth-library-oauth2-http/0.26.0/google-auth-library-oauth2-http-0.26.0.jar:/Users/srivutta/.m2/repository/com/google/code/findbugs/jsr305/3.0.2/jsr305-3.0.2.jar:/Users/srivutta/.m2/repository/com/google/apis/google-api-services-bigquery/v2-rev20210430-1.31.0/google-api-services-bigquery-v2-rev20210430-1.31.0.jar:/Users/srivutta/.m2/repository/com/google/api/api-common/1.10.3/api-common-1.10.3.jar:/Users/srivutta/.m2/repository/javax/annotation/javax.annotation-api/1.3.2/javax.annotation-api-1.3.2.jar:/Users/srivutta/.m2/repository/com/google/guava/guava/30.1.1-android/guava-30.1.1-android.jar:/Users/srivutta/.m2/repository/com/google/guava/failureaccess/1.0.1/failureaccess-1.0.1.jar:/Users/srivutta/.m2/repository/com/google/guava/listenablefuture/9999.0-empty-to-avoid-conflict-with-guava/listenablefuture-9999.0-empty-to-avoid-conflict-with-guava.jar:/Users/srivutta/.m2/repository/com/google/api/gax/1.64.0/gax-1.64.0.jar:/Users/srivutta/.m2/repository/org/threeten/threetenbp/1.5.1/threetenbp-1.5.1.jar:/Users/srivutta/.m2/repository/com/google/errorprone/error_prone_annotations/2.6.0/error_prone_annotations-2.6.0.jar:/Users/srivutta/.m2/repository/com/google/cloud/google-cloud-storage/1.114.0/google-cloud-storage-1.114.0.jar:/Users/srivutta/.m2/repository/com/google/apis/google-api-services-storage/v1-rev20210127-1.31.0/google-api-services-storage-v1-rev20210127-1.31.0.jar:/Users/srivutta/.m2/repository/com/google/auto/value/auto-value-annotations/1.8.1/auto-value-annotations-1.8.1.jar:/Users/srivutta/.m2/repository/com/google/cloud/google-cloud-pubsub/1.112.5/google-cloud-pubsub-1.112.5.jar:/Users/srivutta/.m2/repository/io/grpc/grpc-api/1.38.0/grpc-api-1.38.0.jar:/Users/srivutta/.m2/repository/org/codehaus/mojo/animal-sniffer-annotations/1.20/animal-sniffer-annotations-1.20.jar:/Users/srivutta/.m2/repository/io/grpc/grpc-stub/1.38.0/grpc-stub-1.38.0.jar:/Users/srivutta/.m2/repository/io/grpc/grpc-protobuf/1.38.0/grpc-protobuf-1.38.0.jar:/Users/srivutta/.m2/repository/io/grpc/grpc-protobuf-lite/1.38.0/grpc-protobuf-lite-1.38.0.jar:/Users/srivutta/.m2/repository/com/google/api/grpc/proto-google-cloud-pubsub-v1/1.94.5/proto-google-cloud-pubsub-v1-1.94.5.jar:/Users/srivutta/.m2/repository/com/google/api/gax-grpc/1.64.0/gax-grpc-1.64.0.jar:/Users/srivutta/.m2/repository/io/grpc/grpc-auth/1.38.0/grpc-auth-1.38.0.jar:/Users/srivutta/.m2/repository/io/grpc/grpc-netty-shaded/1.38.0/grpc-netty-shaded-1.38.0.jar:/Users/srivutta/.m2/repository/io/grpc/grpc-alts/1.38.0/grpc-alts-1.38.0.jar:/Users/srivutta/.m2/repository/io/grpc/grpc-grpclb/1.38.0/grpc-grpclb-1.38.0.jar:/Users/srivutta/.m2/repository/org/conscrypt/conscrypt-openjdk-uber/2.5.1/conscrypt-openjdk-uber-2.5.1.jar:/Users/srivutta/.m2/repository/io/grpc/grpc-core/1.38.0/grpc-core-1.38.0.jar:/Users/srivutta/.m2/repository/com/google/android/annotations/4.1.1.4/annotations-4.1.1.4.jar:/Users/srivutta/.m2/repository/io/perfmark/perfmark-api/0.23.0/perfmark-api-0.23.0.jar:/Users/srivutta/.m2/repository/com/google/cloud/google-cloud-dataproc/1.4.3/google-cloud-dataproc-1.4.3.jar:/Users/srivutta/.m2/repository/com/google/api/grpc/proto-google-cloud-dataproc-v1beta2/0.92.3/proto-google-cloud-dataproc-v1beta2-0.92.3.jar:/Users/srivutta/.m2/repository/com/google/api/grpc/proto-google-cloud-dataproc-v1/1.4.3/proto-google-cloud-dataproc-v1-1.4.3.jar:/Users/srivutta/.m2/repository/com/google/cloud/google-cloud-spanner/6.4.4/google-cloud-spanner-6.4.4.jar:/Users/srivutta/.m2/repository/com/google/api/grpc/grpc-google-common-protos/2.3.0/grpc-google-common-protos-2.3.0.jar:/Users/srivutta/.m2/repository/com/google/cloud/google-cloud-core-grpc/1.94.8/google-cloud-core-grpc-1.94.8.jar:/Users/srivutta/.m2/repository/io/opencensus/opencensus-contrib-grpc-util/0.28.0/opencensus-contrib-grpc-util-0.28.0.jar:/Users/srivutta/.m2/repository/com/google/api/grpc/proto-google-cloud-spanner-admin-instance-v1/6.4.4/proto-google-cloud-spanner-admin-instance-v1-6.4.4.jar:/Users/srivutta/.m2/repository/com/google/api/grpc/proto-google-cloud-spanner-v1/6.4.4/proto-google-cloud-spanner-v1-6.4.4.jar:/Users/srivutta/.m2/repository/com/google/api/grpc/proto-google-cloud-spanner-admin-database-v1/6.4.4/proto-google-cloud-spanner-admin-database-v1-6.4.4.jar:/Users/srivutta/.m2/repository/com/google/api/grpc/grpc-google-cloud-spanner-admin-instance-v1/6.4.4/grpc-google-cloud-spanner-admin-instance-v1-6.4.4.jar:/Users/srivutta/.m2/repository/com/google/api/grpc/grpc-google-cloud-spanner-v1/6.4.4/grpc-google-cloud-spanner-v1-6.4.4.jar:/Users/srivutta/.m2/repository/com/google/api/grpc/grpc-google-cloud-spanner-admin-database-v1/6.4.4/grpc-google-cloud-spanner-admin-database-v1-6.4.4.jar:/Users/srivutta/.m2/repository/com/google/cloud/google-cloud-firestore/2.4.0/google-cloud-firestore-2.4.0.jar:/Users/srivutta/.m2/repository/com/google/api/grpc/proto-google-cloud-firestore-v1/2.4.0/proto-google-cloud-firestore-v1-2.4.0.jar:/Users/srivutta/.m2/repository/com/google/cloud/proto-google-cloud-firestore-bundle-v1/2.4.0/proto-google-cloud-firestore-bundle-v1-2.4.0.jar:/Users/srivutta/.m2/repository/com/google/cloud/google-cloud-secretmanager/1.6.3/google-cloud-secretmanager-1.6.3.jar:/Users/srivutta/.m2/repository/com/google/api/grpc/proto-google-cloud-secretmanager-v1/1.5.2/proto-google-cloud-secretmanager-v1-1.5.2.jar:/Users/srivutta/.m2/repository/com/google/api/grpc/proto-google-cloud-secretmanager-v1beta1/1.5.2/proto-google-cloud-secretmanager-v1beta1-1.5.2.jar:/Users/srivutta/.m2/repository/com/google/cloud/google-cloud-monitoring/2.2.3/google-cloud-monitoring-2.2.3.jar:/Users/srivutta/.m2/repository/com/google/api/grpc/proto-google-cloud-monitoring-v3/2.2.3/proto-google-cloud-monitoring-v3-2.2.3.jar:/Users/srivutta/.m2/repository/com/google/cloud/google-cloud-logging/1.53.0/google-cloud-logging-1.53.0.jar:/Users/srivutta/.m2/repository/com/google/api/grpc/proto-google-cloud-logging-v2/0.87.3/proto-google-cloud-logging-v2-0.87.3.jar:/Users/srivutta/.m2/repository/com/google/cloud/google-cloud-bigtable/1.24.1/google-cloud-bigtable-1.24.1.jar:/Users/srivutta/.m2/repository/com/google/api/grpc/grpc-google-cloud-bigtable-v2/1.24.1/grpc-google-cloud-bigtable-v2-1.24.1.jar:/Users/srivutta/.m2/repository/com/google/api/grpc/proto-google-cloud-bigtable-v2/1.24.1/proto-google-cloud-bigtable-v2-1.24.1.jar:/Users/srivutta/.m2/repository/com/google/api/grpc/proto-google-cloud-bigtable-admin-v2/1.24.1/proto-google-cloud-bigtable-admin-v2-1.24.1.jar:/Users/srivutta/.m2/repository/com/google/cloud/google-cloud-functions/1.2.0/google-cloud-functions-1.2.0.jar:/Users/srivutta/.m2/repository/com/google/api/grpc/proto-google-cloud-functions-v1/1.1.3/proto-google-cloud-functions-v1-1.1.3.jar:/Users/srivutta/.m2/repository/com/google/code/gson/gson/2.8.6/gson-2.8.6.jar:/Users/srivutta/.m2/repository/com/opencsv/opencsv/5.2/opencsv-5.2.jar:/Users/srivutta/.m2/repository/org/apache/commons/commons-lang3/3.10/commons-lang3-3.10.jar:/Users/srivutta/.m2/repository/org/apache/commons/commons-text/1.8/commons-text-1.8.jar:/Users/srivutta/.m2/repository/commons-beanutils/commons-beanutils/1.9.4/commons-beanutils-1.9.4.jar:/Users/srivutta/.m2/repository/commons-collections/commons-collections/3.2.2/commons-collections-3.2.2.jar:/Users/srivutta/.m2/repository/org/apache/commons/commons-collections4/4.4/commons-collections4-4.4.jar:/Users/srivutta/.m2/repository/io/cucumber/gherkin/5.1.0/gherkin-5.1.0.jar:/Users/srivutta/.m2/repository/io/cucumber/gherkin-jvm-deps/1.0.4/gherkin-jvm-deps-1.0.4.jar:/Users/srivutta/.m2/repository/io/cucumber/cucumber-core/4.7.2/cucumber-core-4.7.2.jar:/Users/srivutta/.m2/repository/io/cucumber/tag-expressions/1.1.1/tag-expressions-1.1.1.jar:/Users/srivutta/.m2/repository/io/cucumber/cucumber-expressions/7.0.2/cucumber-expressions-7.0.2.jar:/Users/srivutta/.m2/repository/io/cucumber/datatable/1.1.14/datatable-1.1.14.jar:/Users/srivutta/.m2/repository/io/cucumber/datatable-dependencies/1.1.14/datatable-dependencies-1.1.14.jar:/Users/srivutta/.m2/repository/org/apiguardian/apiguardian-api/1.1.0/apiguardian-api-1.1.0.jar:/Users/srivutta/.m2/repository/io/cucumber/cucumber-java/4.7.2/cucumber-java-4.7.2.jar:/Users/srivutta/.m2/repository/io/cucumber/cucumber-junit/4.7.2/cucumber-junit-4.7.2.jar:/Users/srivutta/.m2/repository/io/cucumber/cucumber-picocontainer/4.7.2/cucumber-picocontainer-4.7.2.jar:/Users/srivutta/.m2/repository/org/picocontainer/picocontainer/2.15/picocontainer-2.15.jar:/Users/srivutta/.m2/repository/junit/junit/4.12/junit-4.12.jar:/Users/srivutta/.m2/repository/org/hamcrest/hamcrest-library/1.3/hamcrest-library-1.3.jar:/Users/srivutta/.m2/repository/org/hamcrest/hamcrest-core/1.3/hamcrest-core-1.3.jar:/Users/srivutta/.m2/repository/org/apache/maven/surefire/surefire-junit4/2.22.2/surefire-junit4-2.22.2.jar:/Users/srivutta/.m2/repository/org/apache/maven/surefire/surefire-api/2.22.2/surefire-api-2.22.2.jar:/Users/srivutta/.m2/repository/org/apache/maven/surefire/surefire-logger-api/2.22.2/surefire-logger-api-2.22.2.jar:/Users/srivutta/.m2/repository/org/codehaus/groovy/groovy/2.4.9/groovy-2.4.9.jar:/Users/srivutta/.m2/repository/commons-cli/commons-cli/1.2/commons-cli-1.2.jar:/Users/srivutta/.m2/repository/org/apache/tika/tika-core/1.20/tika-core-1.20.jar:/Users/srivutta/.m2/repository/com/github/javafaker/javafaker/0.15/javafaker-0.15.jar:/Users/srivutta/.m2/repository/org/yaml/snakeyaml/1.20/snakeyaml-1.20-android.jar:/Users/srivutta/.m2/repository/com/github/mifmif/generex/1.0.2/generex-1.0.2.jar:/Users/srivutta/.m2/repository/dk/brics/automaton/automaton/1.11-8/automaton-1.11-8.jar:/Users/srivutta/.m2/repository/com/fasterxml/jackson/core/jackson-databind/2.11.1/jackson-databind-2.11.1.jar:/Users/srivutta/.m2/repository/com/fasterxml/jackson/core/jackson-annotations/2.11.1/jackson-annotations-2.11.1.jar:/Users/srivutta/.m2/repository/com/fasterxml/jackson/dataformat/jackson-dataformat-csv/2.11.1/jackson-dataformat-csv-2.11.1.jar:/Users/srivutta/.m2/repository/org/everit/json/org.everit.json.schema/1.3.0/org.everit.json.schema-1.3.0.jar:/Users/srivutta/.m2/repository/org/json/json/20160212/json-20160212.jar:/Users/srivutta/.m2/repository/commons-validator/commons-validator/1.5.0/commons-validator-1.5.0.jar:/Users/srivutta/.m2/repository/commons-digester/commons-digester/1.8.1/commons-digester-1.8.1.jar:/Users/srivutta/.m2/repository/com/zaxxer/HikariCP/3.2.0/HikariCP-3.2.0.jar:/Users/srivutta/.m2/repository/org/slf4j/slf4j-api/1.7.25/slf4j-api-1.7.25.jar:"/>
    <property name="sun.cpu.endian" value="little"/>
    <property name="user.home" value="/Users/srivutta"/>
    <property name="user.language" value="en"/>
    <property name="profile" value="profile/int"/>
    <property name="java.specification.vendor" value="Oracle Corporation"/>
    <property name="java.version.date" value="2022-01-18"/>
    <property name="java.home" value="/Library/Java/JavaVirtualMachines/jdk-11.0.14.jdk/Contents/Home"/>
    <property name="file.separator" value="/"/>
    <property name="basedir" value="/Users/srivutta/Documents/Sapient/Lloyds/PS_InnerSource/cloud-testing-accelerator"/>
    <property name="java.vm.compressedOopsMode" value="Zero based"/>
    <property name="line.separator" value="&#10;"/>
    <property name="java.specification.name" value="Java Platform API Specification"/>
    <property name="java.vm.specification.vendor" value="Oracle Corporation"/>
    <property name="java.awt.graphicsenv" value="sun.awt.CGraphicsEnvironment"/>
    <property name="surefire.real.class.path" value="/Users/srivutta/Documents/Sapient/Lloyds/PS_InnerSource/cloud-testing-accelerator/target/surefire/surefirebooter10111387635579434061.jar"/>
    <property name="sun.management.compiler" value="HotSpot 64-Bit Tiered Compilers"/>
    <property name="java.runtime.version" value="11.0.14+8-LTS-263"/>
    <property name="user.name" value="srivutta"/>
    <property name="path.separator" value=":"/>
    <property name="os.version" value="13.4.1"/>
    <property name="java.runtime.name" value="Java(TM) SE Runtime Environment"/>
    <property name="file.encoding" value="UTF-8"/>
    <property name="data.dir" value="src/test/resources/test_data/data_csv"/>
    <property name="java.vm.name" value="Java HotSpot(TM) 64-Bit Server VM"/>
    <property name="java.vendor.version" value="18.9"/>
    <property name="localRepository" value="/Users/srivutta/.m2/repository"/>
    <property name="java.vendor.url.bug" value="https://bugreport.java.com/bugreport/"/>
    <property name="java.io.tmpdir" value="/var/folders/5d/32ffv_pj4fb9r43m1d23x8h80000gn/T/"/>
    <property name="java.version" value="11.0.14"/>
    <property name="user.dir" value="/Users/srivutta/Documents/Sapient/Lloyds/PS_InnerSource/cloud-testing-accelerator"/>
    <property name="os.arch" value="x86_64"/>
    <property name="java.vm.specification.name" value="Java Virtual Machine Specification"/>
    <property name="java.awt.printerjob" value="sun.lwawt.macosx.CPrinterJob"/>
    <property name="sun.os.patch.level" value="unknown"/>
    <property name="java.library.path" value="/Users/srivutta/Library/Java/Extensions:/Library/Java/Extensions:/Network/Library/Java/Extensions:/System/Library/Java/Extensions:/usr/lib/java:."/>
    <property name="java.vendor" value="Oracle Corporation"/>
    <property name="java.vm.info" value="mixed mode"/>
    <property name="java.vm.version" value="11.0.14+8-LTS-263"/>
    <property name="sun.io.unicode.encoding" value="UnicodeBig"/>
    <property name="java.class.version" value="55.0"/>
  </properties>
  <testcase name="Fetch sample data and row count from BQ table" classname="Sample feature file" time="0.164">
    <error type="java.lang.NullPointerException">java.lang.NullPointerException
</error>
    <system-out><![CDATA[@cloud
Feature: Sample feature file

  @cloud
  Scenario: Fetch sample data and row count from BQ table # src/test/resources/features/Sample.feature:4
    Given Get data from BQ table "Config_table"           # BQStepDef.getBQResult(String)
      java.lang.NullPointerException
	at com.cloud.accelerator.commons.GenericUtils.readPropertiesFile(GenericUtils.java:22)
	at com.cloud.accelerator.commons.GenericUtils.readProps(GenericUtils.java:29)
	at com.cloud.accelerator.test.stepdefs.BQStepDef.<init>(BQStepDef.java:13)
	at java.base/jdk.internal.reflect.NativeConstructorAccessorImpl.newInstance0(Native Method)
	at java.base/jdk.internal.reflect.NativeConstructorAccessorImpl.newInstance(NativeConstructorAccessorImpl.java:62)
	at java.base/jdk.internal.reflect.DelegatingConstructorAccessorImpl.newInstance(DelegatingConstructorAccessorImpl.java:45)
	at java.base/java.lang.reflect.Constructor.newInstance(Constructor.java:490)
	at org.picocontainer.injectors.AbstractInjector.newInstance(AbstractInjector.java:145)
	at org.picocontainer.injectors.ConstructorInjector$1.run(ConstructorInjector.java:342)
	at org.picocontainer.injectors.AbstractInjector$ThreadLocalCyclicDependencyGuard.observe(AbstractInjector.java:270)
	at org.picocontainer.injectors.ConstructorInjector.getComponentInstance(ConstructorInjector.java:364)
	at org.picocontainer.injectors.AbstractInjectionFactory$LifecycleAdapter.getComponentInstance(AbstractInjectionFactory.java:56)
	at org.picocontainer.behaviors.AbstractBehavior.getComponentInstance(AbstractBehavior.java:64)
	at org.picocontainer.behaviors.Stored.getComponentInstance(Stored.java:91)
	at org.picocontainer.DefaultPicoContainer.getInstance(DefaultPicoContainer.java:699)
	at org.picocontainer.DefaultPicoContainer.getComponent(DefaultPicoContainer.java:647)
	at org.picocontainer.DefaultPicoContainer.getComponent(DefaultPicoContainer.java:678)
	at io.cucumber.picocontainer.PicoFactory.getInstance(PicoFactory.java:42)
	at cucumber.runtime.java.ObjectFactoryLoader$ObjectFactoryAdapter.getInstance(ObjectFactoryLoader.java:157)
	at cucumber.runtime.java.JavaStepDefinition.execute(JavaStepDefinition.java:57)
	at cucumber.runner.PickleStepDefinitionMatch.runStep(PickleStepDefinitionMatch.java:50)
	at cucumber.runner.TestStep.executeStep(TestStep.java:65)
	at cucumber.runner.TestStep.run(TestStep.java:50)
	at cucumber.runner.PickleStepTestStep.run(PickleStepTestStep.java:43)
	at cucumber.runner.TestCase.run(TestCase.java:46)
	at cucumber.runner.Runner.runPickle(Runner.java:50)
	at io.cucumber.junit.PickleRunners$NoStepDescriptions.run(PickleRunners.java:146)
	at io.cucumber.junit.FeatureRunner.runChild(FeatureRunner.java:68)
	at io.cucumber.junit.FeatureRunner.runChild(FeatureRunner.java:23)
	at org.junit.runners.ParentRunner$3.run(ParentRunner.java:290)
	at org.junit.runners.ParentRunner$1.schedule(ParentRunner.java:71)
	at org.junit.runners.ParentRunner.runChildren(ParentRunner.java:288)
	at org.junit.runners.ParentRunner.access$000(ParentRunner.java:58)
	at org.junit.runners.ParentRunner$2.evaluate(ParentRunner.java:268)
	at org.junit.runners.ParentRunner.run(ParentRunner.java:363)
	at io.cucumber.junit.Cucumber.runChild(Cucumber.java:144)
	at io.cucumber.junit.Cucumber.runChild(Cucumber.java:65)
	at org.junit.runners.ParentRunner$3.run(ParentRunner.java:290)
	at org.junit.runners.ParentRunner$1.schedule(ParentRunner.java:71)
	at org.junit.runners.ParentRunner.runChildren(ParentRunner.java:288)
	at org.junit.runners.ParentRunner.access$000(ParentRunner.java:58)
	at org.junit.runners.ParentRunner$2.evaluate(ParentRunner.java:268)
	at io.cucumber.junit.Cucumber$RunCucumber.evaluate(Cucumber.java:174)
	at org.junit.runners.ParentRunner.run(ParentRunner.java:363)
	at org.apache.maven.surefire.junit4.JUnit4Provider.execute(JUnit4Provider.java:365)
	at org.apache.maven.surefire.junit4.JUnit4Provider.executeWithRerun(JUnit4Provider.java:273)
	at org.apache.maven.surefire.junit4.JUnit4Provider.executeTestSet(JUnit4Provider.java:238)
	at org.apache.maven.surefire.junit4.JUnit4Provider.invoke(JUnit4Provider.java:159)
	at org.apache.maven.surefire.booter.ForkedBooter.invokeProviderInSameClassLoader(ForkedBooter.java:384)
	at org.apache.maven.surefire.booter.ForkedBooter.runSuitesInProcess(ForkedBooter.java:345)
	at org.apache.maven.surefire.booter.ForkedBooter.execute(ForkedBooter.java:126)
	at org.apache.maven.surefire.booter.ForkedBooter.main(ForkedBooter.java:418)
	at ✽.Get data from BQ table "Config_table"(file:src/test/resources/features/Sample.feature:5)

    And Get record count for "Query_1" from BQ table      # BQStepDef.queryTotalRows(String)
]]></system-out>
    <system-err><![CDATA[Aug 05, 2023 10:08:38 PM cucumber.runtime.java.ObjectFactoryLoader loadSingleObjectFactory
INFO: Loading ObjectFactory via service loader: io.cucumber.picocontainer.PicoFactory
java.io.FileNotFoundException: /Users/srivutta/Documents/Sapient/Lloyds/PS_InnerSource/cloud-testing-accelerator/src/test/resources/profile/int/environment.properties (No such file or directory)
	at java.base/java.io.FileInputStream.open0(Native Method)
	at java.base/java.io.FileInputStream.open(FileInputStream.java:219)
	at java.base/java.io.FileInputStream.<init>(FileInputStream.java:157)
	at java.base/java.io.FileInputStream.<init>(FileInputStream.java:112)
	at com.cloud.accelerator.commons.GenericUtils.readPropertiesFile(GenericUtils.java:16)
	at com.cloud.accelerator.commons.GenericUtils.readProps(GenericUtils.java:29)
	at com.cloud.accelerator.test.stepdefs.BQStepDef.<init>(BQStepDef.java:13)
	at java.base/jdk.internal.reflect.NativeConstructorAccessorImpl.newInstance0(Native Method)
	at java.base/jdk.internal.reflect.NativeConstructorAccessorImpl.newInstance(NativeConstructorAccessorImpl.java:62)
	at java.base/jdk.internal.reflect.DelegatingConstructorAccessorImpl.newInstance(DelegatingConstructorAccessorImpl.java:45)
	at java.base/java.lang.reflect.Constructor.newInstance(Constructor.java:490)
	at org.picocontainer.injectors.AbstractInjector.newInstance(AbstractInjector.java:145)
	at org.picocontainer.injectors.ConstructorInjector$1.run(ConstructorInjector.java:342)
	at org.picocontainer.injectors.AbstractInjector$ThreadLocalCyclicDependencyGuard.observe(AbstractInjector.java:270)
	at org.picocontainer.injectors.ConstructorInjector.getComponentInstance(ConstructorInjector.java:364)
	at org.picocontainer.injectors.AbstractInjectionFactory$LifecycleAdapter.getComponentInstance(AbstractInjectionFactory.java:56)
	at org.picocontainer.behaviors.AbstractBehavior.getComponentInstance(AbstractBehavior.java:64)
	at org.picocontainer.behaviors.Stored.getComponentInstance(Stored.java:91)
	at org.picocontainer.DefaultPicoContainer.getInstance(DefaultPicoContainer.java:699)
	at org.picocontainer.DefaultPicoContainer.getComponent(DefaultPicoContainer.java:647)
	at org.picocontainer.DefaultPicoContainer.getComponent(DefaultPicoContainer.java:678)
	at io.cucumber.picocontainer.PicoFactory.getInstance(PicoFactory.java:42)
	at cucumber.runtime.java.ObjectFactoryLoader$ObjectFactoryAdapter.getInstance(ObjectFactoryLoader.java:157)
	at cucumber.runtime.java.JavaStepDefinition.execute(JavaStepDefinition.java:57)
	at cucumber.runner.PickleStepDefinitionMatch.runStep(PickleStepDefinitionMatch.java:50)
	at cucumber.runner.TestStep.executeStep(TestStep.java:65)
	at cucumber.runner.TestStep.run(TestStep.java:50)
	at cucumber.runner.PickleStepTestStep.run(PickleStepTestStep.java:43)
	at cucumber.runner.TestCase.run(TestCase.java:46)
	at cucumber.runner.Runner.runPickle(Runner.java:50)
	at io.cucumber.junit.PickleRunners$NoStepDescriptions.run(PickleRunners.java:146)
	at io.cucumber.junit.FeatureRunner.runChild(FeatureRunner.java:68)
	at io.cucumber.junit.FeatureRunner.runChild(FeatureRunner.java:23)
	at org.junit.runners.ParentRunner$3.run(ParentRunner.java:290)
	at org.junit.runners.ParentRunner$1.schedule(ParentRunner.java:71)
	at org.junit.runners.ParentRunner.runChildren(ParentRunner.java:288)
	at org.junit.runners.ParentRunner.access$000(ParentRunner.java:58)
	at org.junit.runners.ParentRunner$2.evaluate(ParentRunner.java:268)
	at org.junit.runners.ParentRunner.run(ParentRunner.java:363)
	at io.cucumber.junit.Cucumber.runChild(Cucumber.java:144)
	at io.cucumber.junit.Cucumber.runChild(Cucumber.java:65)
	at org.junit.runners.ParentRunner$3.run(ParentRunner.java:290)
	at org.junit.runners.ParentRunner$1.schedule(ParentRunner.java:71)
	at org.junit.runners.ParentRunner.runChildren(ParentRunner.java:288)
	at org.junit.runners.ParentRunner.access$000(ParentRunner.java:58)
	at org.junit.runners.ParentRunner$2.evaluate(ParentRunner.java:268)
	at io.cucumber.junit.Cucumber$RunCucumber.evaluate(Cucumber.java:174)
	at org.junit.runners.ParentRunner.run(ParentRunner.java:363)
	at org.apache.maven.surefire.junit4.JUnit4Provider.execute(JUnit4Provider.java:365)
	at org.apache.maven.surefire.junit4.JUnit4Provider.executeWithRerun(JUnit4Provider.java:273)
	at org.apache.maven.surefire.junit4.JUnit4Provider.executeTestSet(JUnit4Provider.java:238)
	at org.apache.maven.surefire.junit4.JUnit4Provider.invoke(JUnit4Provider.java:159)
	at org.apache.maven.surefire.booter.ForkedBooter.invokeProviderInSameClassLoader(ForkedBooter.java:384)
	at org.apache.maven.surefire.booter.ForkedBooter.runSuitesInProcess(ForkedBooter.java:345)
	at org.apache.maven.surefire.booter.ForkedBooter.execute(ForkedBooter.java:126)
	at org.apache.maven.surefire.booter.ForkedBooter.main(ForkedBooter.java:418)
]]></system-err>
  </testcase>
  <testcase name="Upload object to GCP  cloud storage bucket" classname="Sample feature file" time="0.026">
    <error type="java.lang.NullPointerException">java.lang.NullPointerException
</error>
    <system-out><![CDATA[
  Scenario Outline: Upload object to GCP  cloud storage bucket # src/test/resources/features/Sample.feature:8
    Then Upload "<FileName>" Object into "<BucketName>" bucket

    Examples: 

  @cloud
  Scenario Outline: Upload object to GCP  cloud storage bucket        # src/test/resources/features/Sample.feature:12
    Then Upload "Test_data_1.dat" Object into "landing-bucket" bucket # CloudStorageStepDef.uploadObject(String,String)
      java.lang.NullPointerException
	at com.cloud.accelerator.commons.GenericUtils.readPropertiesFile(GenericUtils.java:22)
	at com.cloud.accelerator.commons.GenericUtils.readProps(GenericUtils.java:29)
	at com.cloud.accelerator.test.stepdefs.CloudStorageStepDef.<init>(CloudStorageStepDef.java:14)
	at java.base/jdk.internal.reflect.NativeConstructorAccessorImpl.newInstance0(Native Method)
	at java.base/jdk.internal.reflect.NativeConstructorAccessorImpl.newInstance(NativeConstructorAccessorImpl.java:62)
	at java.base/jdk.internal.reflect.DelegatingConstructorAccessorImpl.newInstance(DelegatingConstructorAccessorImpl.java:45)
	at java.base/java.lang.reflect.Constructor.newInstance(Constructor.java:490)
	at org.picocontainer.injectors.AbstractInjector.newInstance(AbstractInjector.java:145)
	at org.picocontainer.injectors.ConstructorInjector$1.run(ConstructorInjector.java:342)
	at org.picocontainer.injectors.AbstractInjector$ThreadLocalCyclicDependencyGuard.observe(AbstractInjector.java:270)
	at org.picocontainer.injectors.ConstructorInjector.getComponentInstance(ConstructorInjector.java:364)
	at org.picocontainer.injectors.AbstractInjectionFactory$LifecycleAdapter.getComponentInstance(AbstractInjectionFactory.java:56)
	at org.picocontainer.behaviors.AbstractBehavior.getComponentInstance(AbstractBehavior.java:64)
	at org.picocontainer.behaviors.Stored.getComponentInstance(Stored.java:91)
	at org.picocontainer.DefaultPicoContainer.getInstance(DefaultPicoContainer.java:699)
	at org.picocontainer.DefaultPicoContainer.getComponent(DefaultPicoContainer.java:647)
	at org.picocontainer.DefaultPicoContainer.getComponent(DefaultPicoContainer.java:678)
	at io.cucumber.picocontainer.PicoFactory.getInstance(PicoFactory.java:42)
	at cucumber.runtime.java.ObjectFactoryLoader$ObjectFactoryAdapter.getInstance(ObjectFactoryLoader.java:157)
	at cucumber.runtime.java.JavaStepDefinition.execute(JavaStepDefinition.java:57)
	at cucumber.runner.PickleStepDefinitionMatch.runStep(PickleStepDefinitionMatch.java:50)
	at cucumber.runner.TestStep.executeStep(TestStep.java:65)
	at cucumber.runner.TestStep.run(TestStep.java:50)
	at cucumber.runner.PickleStepTestStep.run(PickleStepTestStep.java:43)
	at cucumber.runner.TestCase.run(TestCase.java:46)
	at cucumber.runner.Runner.runPickle(Runner.java:50)
	at io.cucumber.junit.PickleRunners$NoStepDescriptions.run(PickleRunners.java:146)
	at io.cucumber.junit.FeatureRunner.runChild(FeatureRunner.java:68)
	at io.cucumber.junit.FeatureRunner.runChild(FeatureRunner.java:23)
	at org.junit.runners.ParentRunner$3.run(ParentRunner.java:290)
	at org.junit.runners.ParentRunner$1.schedule(ParentRunner.java:71)
	at org.junit.runners.ParentRunner.runChildren(ParentRunner.java:288)
	at org.junit.runners.ParentRunner.access$000(ParentRunner.java:58)
	at org.junit.runners.ParentRunner$2.evaluate(ParentRunner.java:268)
	at org.junit.runners.ParentRunner.run(ParentRunner.java:363)
	at io.cucumber.junit.Cucumber.runChild(Cucumber.java:144)
	at io.cucumber.junit.Cucumber.runChild(Cucumber.java:65)
	at org.junit.runners.ParentRunner$3.run(ParentRunner.java:290)
	at org.junit.runners.ParentRunner$1.schedule(ParentRunner.java:71)
	at org.junit.runners.ParentRunner.runChildren(ParentRunner.java:288)
	at org.junit.runners.ParentRunner.access$000(ParentRunner.java:58)
	at org.junit.runners.ParentRunner$2.evaluate(ParentRunner.java:268)
	at io.cucumber.junit.Cucumber$RunCucumber.evaluate(Cucumber.java:174)
	at org.junit.runners.ParentRunner.run(ParentRunner.java:363)
	at org.apache.maven.surefire.junit4.JUnit4Provider.execute(JUnit4Provider.java:365)
	at org.apache.maven.surefire.junit4.JUnit4Provider.executeWithRerun(JUnit4Provider.java:273)
	at org.apache.maven.surefire.junit4.JUnit4Provider.executeTestSet(JUnit4Provider.java:238)
	at org.apache.maven.surefire.junit4.JUnit4Provider.invoke(JUnit4Provider.java:159)
	at org.apache.maven.surefire.booter.ForkedBooter.invokeProviderInSameClassLoader(ForkedBooter.java:384)
	at org.apache.maven.surefire.booter.ForkedBooter.runSuitesInProcess(ForkedBooter.java:345)
	at org.apache.maven.surefire.booter.ForkedBooter.execute(ForkedBooter.java:126)
	at org.apache.maven.surefire.booter.ForkedBooter.main(ForkedBooter.java:418)
	at ✽.Upload "Test_data_1.dat" Object into "landing-bucket" bucket(file:src/test/resources/features/Sample.feature:9)

]]></system-out>
    <system-err><![CDATA[java.io.FileNotFoundException: /Users/srivutta/Documents/Sapient/Lloyds/PS_InnerSource/cloud-testing-accelerator/src/test/resources/profile/int/environment.properties (No such file or directory)
	at java.base/java.io.FileInputStream.open0(Native Method)
	at java.base/java.io.FileInputStream.open(FileInputStream.java:219)
	at java.base/java.io.FileInputStream.<init>(FileInputStream.java:157)
	at java.base/java.io.FileInputStream.<init>(FileInputStream.java:112)
	at com.cloud.accelerator.commons.GenericUtils.readPropertiesFile(GenericUtils.java:16)
	at com.cloud.accelerator.commons.GenericUtils.readProps(GenericUtils.java:29)
	at com.cloud.accelerator.test.stepdefs.CloudStorageStepDef.<init>(CloudStorageStepDef.java:14)
	at java.base/jdk.internal.reflect.NativeConstructorAccessorImpl.newInstance0(Native Method)
	at java.base/jdk.internal.reflect.NativeConstructorAccessorImpl.newInstance(NativeConstructorAccessorImpl.java:62)
	at java.base/jdk.internal.reflect.DelegatingConstructorAccessorImpl.newInstance(DelegatingConstructorAccessorImpl.java:45)
	at java.base/java.lang.reflect.Constructor.newInstance(Constructor.java:490)
	at org.picocontainer.injectors.AbstractInjector.newInstance(AbstractInjector.java:145)
	at org.picocontainer.injectors.ConstructorInjector$1.run(ConstructorInjector.java:342)
	at org.picocontainer.injectors.AbstractInjector$ThreadLocalCyclicDependencyGuard.observe(AbstractInjector.java:270)
	at org.picocontainer.injectors.ConstructorInjector.getComponentInstance(ConstructorInjector.java:364)
	at org.picocontainer.injectors.AbstractInjectionFactory$LifecycleAdapter.getComponentInstance(AbstractInjectionFactory.java:56)
	at org.picocontainer.behaviors.AbstractBehavior.getComponentInstance(AbstractBehavior.java:64)
	at org.picocontainer.behaviors.Stored.getComponentInstance(Stored.java:91)
	at org.picocontainer.DefaultPicoContainer.getInstance(DefaultPicoContainer.java:699)
	at org.picocontainer.DefaultPicoContainer.getComponent(DefaultPicoContainer.java:647)
	at org.picocontainer.DefaultPicoContainer.getComponent(DefaultPicoContainer.java:678)
	at io.cucumber.picocontainer.PicoFactory.getInstance(PicoFactory.java:42)
	at cucumber.runtime.java.ObjectFactoryLoader$ObjectFactoryAdapter.getInstance(ObjectFactoryLoader.java:157)
	at cucumber.runtime.java.JavaStepDefinition.execute(JavaStepDefinition.java:57)
	at cucumber.runner.PickleStepDefinitionMatch.runStep(PickleStepDefinitionMatch.java:50)
	at cucumber.runner.TestStep.executeStep(TestStep.java:65)
	at cucumber.runner.TestStep.run(TestStep.java:50)
	at cucumber.runner.PickleStepTestStep.run(PickleStepTestStep.java:43)
	at cucumber.runner.TestCase.run(TestCase.java:46)
	at cucumber.runner.Runner.runPickle(Runner.java:50)
	at io.cucumber.junit.PickleRunners$NoStepDescriptions.run(PickleRunners.java:146)
	at io.cucumber.junit.FeatureRunner.runChild(FeatureRunner.java:68)
	at io.cucumber.junit.FeatureRunner.runChild(FeatureRunner.java:23)
	at org.junit.runners.ParentRunner$3.run(ParentRunner.java:290)
	at org.junit.runners.ParentRunner$1.schedule(ParentRunner.java:71)
	at org.junit.runners.ParentRunner.runChildren(ParentRunner.java:288)
	at org.junit.runners.ParentRunner.access$000(ParentRunner.java:58)
	at org.junit.runners.ParentRunner$2.evaluate(ParentRunner.java:268)
	at org.junit.runners.ParentRunner.run(ParentRunner.java:363)
	at io.cucumber.junit.Cucumber.runChild(Cucumber.java:144)
	at io.cucumber.junit.Cucumber.runChild(Cucumber.java:65)
	at org.junit.runners.ParentRunner$3.run(ParentRunner.java:290)
	at org.junit.runners.ParentRunner$1.schedule(ParentRunner.java:71)
	at org.junit.runners.ParentRunner.runChildren(ParentRunner.java:288)
	at org.junit.runners.ParentRunner.access$000(ParentRunner.java:58)
	at org.junit.runners.ParentRunner$2.evaluate(ParentRunner.java:268)
	at io.cucumber.junit.Cucumber$RunCucumber.evaluate(Cucumber.java:174)
	at org.junit.runners.ParentRunner.run(ParentRunner.java:363)
	at org.apache.maven.surefire.junit4.JUnit4Provider.execute(JUnit4Provider.java:365)
	at org.apache.maven.surefire.junit4.JUnit4Provider.executeWithRerun(JUnit4Provider.java:273)
	at org.apache.maven.surefire.junit4.JUnit4Provider.executeTestSet(JUnit4Provider.java:238)
	at org.apache.maven.surefire.junit4.JUnit4Provider.invoke(JUnit4Provider.java:159)
	at org.apache.maven.surefire.booter.ForkedBooter.invokeProviderInSameClassLoader(ForkedBooter.java:384)
	at org.apache.maven.surefire.booter.ForkedBooter.runSuitesInProcess(ForkedBooter.java:345)
	at org.apache.maven.surefire.booter.ForkedBooter.execute(ForkedBooter.java:126)
	at org.apache.maven.surefire.booter.ForkedBooter.main(ForkedBooter.java:418)
]]></system-err>
  </testcase>
  <testcase name="Upload object to GCP  cloud storage bucket" classname="Sample feature file" time="0.026">
    <error type="java.lang.NullPointerException">java.lang.NullPointerException
</error>
    <system-out><![CDATA[
  @cloud
  Scenario Outline: Upload object to GCP  cloud storage bucket      # src/test/resources/features/Sample.feature:13
    Then Upload "testdata.json" Object into "landing-bucket" bucket # CloudStorageStepDef.uploadObject(String,String)
      java.lang.NullPointerException
	at com.cloud.accelerator.commons.GenericUtils.readPropertiesFile(GenericUtils.java:22)
	at com.cloud.accelerator.commons.GenericUtils.readProps(GenericUtils.java:29)
	at com.cloud.accelerator.test.stepdefs.CloudStorageStepDef.<init>(CloudStorageStepDef.java:14)
	at java.base/jdk.internal.reflect.NativeConstructorAccessorImpl.newInstance0(Native Method)
	at java.base/jdk.internal.reflect.NativeConstructorAccessorImpl.newInstance(NativeConstructorAccessorImpl.java:62)
	at java.base/jdk.internal.reflect.DelegatingConstructorAccessorImpl.newInstance(DelegatingConstructorAccessorImpl.java:45)
	at java.base/java.lang.reflect.Constructor.newInstance(Constructor.java:490)
	at org.picocontainer.injectors.AbstractInjector.newInstance(AbstractInjector.java:145)
	at org.picocontainer.injectors.ConstructorInjector$1.run(ConstructorInjector.java:342)
	at org.picocontainer.injectors.AbstractInjector$ThreadLocalCyclicDependencyGuard.observe(AbstractInjector.java:270)
	at org.picocontainer.injectors.ConstructorInjector.getComponentInstance(ConstructorInjector.java:364)
	at org.picocontainer.injectors.AbstractInjectionFactory$LifecycleAdapter.getComponentInstance(AbstractInjectionFactory.java:56)
	at org.picocontainer.behaviors.AbstractBehavior.getComponentInstance(AbstractBehavior.java:64)
	at org.picocontainer.behaviors.Stored.getComponentInstance(Stored.java:91)
	at org.picocontainer.DefaultPicoContainer.getInstance(DefaultPicoContainer.java:699)
	at org.picocontainer.DefaultPicoContainer.getComponent(DefaultPicoContainer.java:647)
	at org.picocontainer.DefaultPicoContainer.getComponent(DefaultPicoContainer.java:678)
	at io.cucumber.picocontainer.PicoFactory.getInstance(PicoFactory.java:42)
	at cucumber.runtime.java.ObjectFactoryLoader$ObjectFactoryAdapter.getInstance(ObjectFactoryLoader.java:157)
	at cucumber.runtime.java.JavaStepDefinition.execute(JavaStepDefinition.java:57)
	at cucumber.runner.PickleStepDefinitionMatch.runStep(PickleStepDefinitionMatch.java:50)
	at cucumber.runner.TestStep.executeStep(TestStep.java:65)
	at cucumber.runner.TestStep.run(TestStep.java:50)
	at cucumber.runner.PickleStepTestStep.run(PickleStepTestStep.java:43)
	at cucumber.runner.TestCase.run(TestCase.java:46)
	at cucumber.runner.Runner.runPickle(Runner.java:50)
	at io.cucumber.junit.PickleRunners$NoStepDescriptions.run(PickleRunners.java:146)
	at io.cucumber.junit.FeatureRunner.runChild(FeatureRunner.java:68)
	at io.cucumber.junit.FeatureRunner.runChild(FeatureRunner.java:23)
	at org.junit.runners.ParentRunner$3.run(ParentRunner.java:290)
	at org.junit.runners.ParentRunner$1.schedule(ParentRunner.java:71)
	at org.junit.runners.ParentRunner.runChildren(ParentRunner.java:288)
	at org.junit.runners.ParentRunner.access$000(ParentRunner.java:58)
	at org.junit.runners.ParentRunner$2.evaluate(ParentRunner.java:268)
	at org.junit.runners.ParentRunner.run(ParentRunner.java:363)
	at io.cucumber.junit.Cucumber.runChild(Cucumber.java:144)
	at io.cucumber.junit.Cucumber.runChild(Cucumber.java:65)
	at org.junit.runners.ParentRunner$3.run(ParentRunner.java:290)
	at org.junit.runners.ParentRunner$1.schedule(ParentRunner.java:71)
	at org.junit.runners.ParentRunner.runChildren(ParentRunner.java:288)
	at org.junit.runners.ParentRunner.access$000(ParentRunner.java:58)
	at org.junit.runners.ParentRunner$2.evaluate(ParentRunner.java:268)
	at io.cucumber.junit.Cucumber$RunCucumber.evaluate(Cucumber.java:174)
	at org.junit.runners.ParentRunner.run(ParentRunner.java:363)
	at org.apache.maven.surefire.junit4.JUnit4Provider.execute(JUnit4Provider.java:365)
	at org.apache.maven.surefire.junit4.JUnit4Provider.executeWithRerun(JUnit4Provider.java:273)
	at org.apache.maven.surefire.junit4.JUnit4Provider.executeTestSet(JUnit4Provider.java:238)
	at org.apache.maven.surefire.junit4.JUnit4Provider.invoke(JUnit4Provider.java:159)
	at org.apache.maven.surefire.booter.ForkedBooter.invokeProviderInSameClassLoader(ForkedBooter.java:384)
	at org.apache.maven.surefire.booter.ForkedBooter.runSuitesInProcess(ForkedBooter.java:345)
	at org.apache.maven.surefire.booter.ForkedBooter.execute(ForkedBooter.java:126)
	at org.apache.maven.surefire.booter.ForkedBooter.main(ForkedBooter.java:418)
	at ✽.Upload "testdata.json" Object into "landing-bucket" bucket(file:src/test/resources/features/Sample.feature:9)

]]></system-out>
    <system-err><![CDATA[java.io.FileNotFoundException: /Users/srivutta/Documents/Sapient/Lloyds/PS_InnerSource/cloud-testing-accelerator/src/test/resources/profile/int/environment.properties (No such file or directory)
	at java.base/java.io.FileInputStream.open0(Native Method)
	at java.base/java.io.FileInputStream.open(FileInputStream.java:219)
	at java.base/java.io.FileInputStream.<init>(FileInputStream.java:157)
	at java.base/java.io.FileInputStream.<init>(FileInputStream.java:112)
	at com.cloud.accelerator.commons.GenericUtils.readPropertiesFile(GenericUtils.java:16)
	at com.cloud.accelerator.commons.GenericUtils.readProps(GenericUtils.java:29)
	at com.cloud.accelerator.test.stepdefs.CloudStorageStepDef.<init>(CloudStorageStepDef.java:14)
	at java.base/jdk.internal.reflect.NativeConstructorAccessorImpl.newInstance0(Native Method)
	at java.base/jdk.internal.reflect.NativeConstructorAccessorImpl.newInstance(NativeConstructorAccessorImpl.java:62)
	at java.base/jdk.internal.reflect.DelegatingConstructorAccessorImpl.newInstance(DelegatingConstructorAccessorImpl.java:45)
	at java.base/java.lang.reflect.Constructor.newInstance(Constructor.java:490)
	at org.picocontainer.injectors.AbstractInjector.newInstance(AbstractInjector.java:145)
	at org.picocontainer.injectors.ConstructorInjector$1.run(ConstructorInjector.java:342)
	at org.picocontainer.injectors.AbstractInjector$ThreadLocalCyclicDependencyGuard.observe(AbstractInjector.java:270)
	at org.picocontainer.injectors.ConstructorInjector.getComponentInstance(ConstructorInjector.java:364)
	at org.picocontainer.injectors.AbstractInjectionFactory$LifecycleAdapter.getComponentInstance(AbstractInjectionFactory.java:56)
	at org.picocontainer.behaviors.AbstractBehavior.getComponentInstance(AbstractBehavior.java:64)
	at org.picocontainer.behaviors.Stored.getComponentInstance(Stored.java:91)
	at org.picocontainer.DefaultPicoContainer.getInstance(DefaultPicoContainer.java:699)
	at org.picocontainer.DefaultPicoContainer.getComponent(DefaultPicoContainer.java:647)
	at org.picocontainer.DefaultPicoContainer.getComponent(DefaultPicoContainer.java:678)
	at io.cucumber.picocontainer.PicoFactory.getInstance(PicoFactory.java:42)
	at cucumber.runtime.java.ObjectFactoryLoader$ObjectFactoryAdapter.getInstance(ObjectFactoryLoader.java:157)
	at cucumber.runtime.java.JavaStepDefinition.execute(JavaStepDefinition.java:57)
	at cucumber.runner.PickleStepDefinitionMatch.runStep(PickleStepDefinitionMatch.java:50)
	at cucumber.runner.TestStep.executeStep(TestStep.java:65)
	at cucumber.runner.TestStep.run(TestStep.java:50)
	at cucumber.runner.PickleStepTestStep.run(PickleStepTestStep.java:43)
	at cucumber.runner.TestCase.run(TestCase.java:46)
	at cucumber.runner.Runner.runPickle(Runner.java:50)
	at io.cucumber.junit.PickleRunners$NoStepDescriptions.run(PickleRunners.java:146)
	at io.cucumber.junit.FeatureRunner.runChild(FeatureRunner.java:68)
	at io.cucumber.junit.FeatureRunner.runChild(FeatureRunner.java:23)
	at org.junit.runners.ParentRunner$3.run(ParentRunner.java:290)
	at org.junit.runners.ParentRunner$1.schedule(ParentRunner.java:71)
	at org.junit.runners.ParentRunner.runChildren(ParentRunner.java:288)
	at org.junit.runners.ParentRunner.access$000(ParentRunner.java:58)
	at org.junit.runners.ParentRunner$2.evaluate(ParentRunner.java:268)
	at org.junit.runners.ParentRunner.run(ParentRunner.java:363)
	at io.cucumber.junit.Cucumber.runChild(Cucumber.java:144)
	at io.cucumber.junit.Cucumber.runChild(Cucumber.java:65)
	at org.junit.runners.ParentRunner$3.run(ParentRunner.java:290)
	at org.junit.runners.ParentRunner$1.schedule(ParentRunner.java:71)
	at org.junit.runners.ParentRunner.runChildren(ParentRunner.java:288)
	at org.junit.runners.ParentRunner.access$000(ParentRunner.java:58)
	at org.junit.runners.ParentRunner$2.evaluate(ParentRunner.java:268)
	at io.cucumber.junit.Cucumber$RunCucumber.evaluate(Cucumber.java:174)
	at org.junit.runners.ParentRunner.run(ParentRunner.java:363)
	at org.apache.maven.surefire.junit4.JUnit4Provider.execute(JUnit4Provider.java:365)
	at org.apache.maven.surefire.junit4.JUnit4Provider.executeWithRerun(JUnit4Provider.java:273)
	at org.apache.maven.surefire.junit4.JUnit4Provider.executeTestSet(JUnit4Provider.java:238)
	at org.apache.maven.surefire.junit4.JUnit4Provider.invoke(JUnit4Provider.java:159)
	at org.apache.maven.surefire.booter.ForkedBooter.invokeProviderInSameClassLoader(ForkedBooter.java:384)
	at org.apache.maven.surefire.booter.ForkedBooter.runSuitesInProcess(ForkedBooter.java:345)
	at org.apache.maven.surefire.booter.ForkedBooter.execute(ForkedBooter.java:126)
	at org.apache.maven.surefire.booter.ForkedBooter.main(ForkedBooter.java:418)
]]></system-err>
  </testcase>
</testsuite>